17-09-2022 20:42:42 - INFO - STEP: 1h | mae: 38.47820812385853 | mse: 6187.034438548356
17-09-2022 21:20:21 - INFO - STEP: 2h | mae: 46.8789886612133 | mse: 8755.237388580621
17-09-2022 22:00:41 - INFO - STEP: 3h | mae: 49.87626987927387 | mse: 9844.330150011496
17-09-2022 22:41:40 - INFO - STEP: 4h | mae: 50.72603804183384 | mse: 10272.29413502121
17-09-2022 23:22:44 - INFO - STEP: 5h | mae: 51.58561010462045 | mse: 10573.385063091802
18-09-2022 00:05:03 - INFO - STEP: 6h | mae: 51.50263319684572 | mse: 10534.465928707878
18-09-2022 00:48:36 - INFO - STEP: 7h | mae: 51.42116986144487 | mse: 10514.797413823428
18-09-2022 01:33:17 - INFO - STEP: 8h | mae: 51.74108752234719 | mse: 10611.276992312323
18-09-2022 02:19:15 - INFO - STEP: 9h | mae: 51.438340676558035 | mse: 10574.238866532582
18-09-2022 03:06:26 - INFO - STEP: 10h | mae: 51.54328318240813 | mse: 10672.58660151182
18-09-2022 03:54:47 - INFO - STEP: 11h | mae: 51.95352704694229 | mse: 10703.95241908861
18-09-2022 04:45:23 - INFO - STEP: 12h | mae: 51.745671883996884 | mse: 10680.13970330096
18-09-2022 05:36:21 - INFO - STEP: 13h | mae: 51.7287689047705 | mse: 10750.579817068066
18-09-2022 06:28:28 - INFO - STEP: 14h | mae: 51.91926331018438 | mse: 10723.204641670953
18-09-2022 07:22:13 - INFO - STEP: 15h | mae: 51.769689279073546 | mse: 10708.07306023367
18-09-2022 08:17:15 - INFO - STEP: 16h | mae: 51.96299394685199 | mse: 10757.27391294118
18-09-2022 09:13:17 - INFO - STEP: 17h | mae: 51.49689169268881 | mse: 10597.668411630972
18-09-2022 10:10:48 - INFO - STEP: 18h | mae: 51.60363176059846 | mse: 10646.667270110722
18-09-2022 11:12:25 - INFO - STEP: 19h | mae: 51.875651226598144 | mse: 10744.675426428164
18-09-2022 12:15:15 - INFO - STEP: 20h | mae: 52.04855326806464 | mse: 10751.491546984493
18-09-2022 13:19:27 - INFO - STEP: 21h | mae: 52.40370817187168 | mse: 10855.826377701584
18-09-2022 14:25:48 - INFO - STEP: 22h | mae: 51.25276502389121 | mse: 10579.482976164189
18-09-2022 15:32:27 - INFO - STEP: 23h | mae: 51.22538316446577 | mse: 10590.429323282762
18-09-2022 16:40:21 - INFO - STEP: 24h | mae: 51.38240059111289 | mse: 10613.321948325254
14-11-2022 08:52:07 - INFO - STEP: 1h | mae: 106.47367042445765 | mse: 18064.450633930428
14-11-2022 08:53:01 - INFO - STEP: 1h | mae: 106.47367042445765 | mse: 18064.450633930428
14-11-2022 08:53:24 - INFO - STEP: 7h | mae: 113.55918555975704 | mse: 22009.395890997
14-11-2022 08:53:52 - INFO - STEP: 13h | mae: 113.59424645973806 | mse: 21992.617806603095
14-11-2022 08:54:22 - INFO - STEP: 19h | mae: 113.57917127203227 | mse: 21974.553316109388

14-11-2022 09:28:30 - INFO - RESULTADOS PARA n_estimators=10
14-11-2022 09:28:30 - INFO - STEP: 1h | mae: 106.47367042445765 | mse: 18064.450633930428 | R2: 1.0
14-11-2022 09:28:30 - INFO - STEP: 7h | mae: 113.55918555975704 | mse: 22009.395890997 | R2: 1.0
14-11-2022 09:28:30 - INFO - STEP: 13h | mae: 113.59424645973806 | mse: 21992.617806603095 | R2: 1.0
14-11-2022 09:28:30 - INFO - STEP: 19h | mae: 113.57917127203227 | mse: 21974.553316109388 | R2: 1.0
14-11-2022 09:28:30 - INFO - TOTAL => mae: 111.80156842899625 | mse: 21010.25441190998 | R2: 1.0
14-11-2022 09:45:35 - INFO - RESULTADOS PARA n_estimators=100
14-11-2022 09:45:35 - INFO - STEP: 1h | mae: 37.599111202099245 | mse: 6055.644707101208 | R2: 1.0
14-11-2022 09:45:35 - INFO - STEP: 7h | mae: 50.30916317997809 | mse: 10434.345368952232 | R2: 1.0
14-11-2022 09:45:35 - INFO - STEP: 13h | mae: 50.542546474134866 | mse: 10512.567095515813 | R2: 1.0
14-11-2022 09:45:35 - INFO - STEP: 19h | mae: 50.272513289130416 | mse: 10429.718552926037 | R2: 1.0
14-11-2022 09:45:35 - INFO - TOTAL => mae: 47.180833536335655 | mse: 9358.068931123822 | R2: 1.0
14-11-2022 12:16:18 - INFO - RESULTADOS PARA n_estimators=1000
14-11-2022 12:16:19 - INFO - STEP: 1h | mae: 37.80874715344031 | mse: 6046.817704729142 | R2: 1.0
14-11-2022 12:16:19 - INFO - STEP: 7h | mae: 50.986858130236165 | mse: 10389.573748697934 | R2: 1.0
14-11-2022 12:16:19 - INFO - STEP: 13h | mae: 50.884744131000346 | mse: 10355.595026761464 | R2: 1.0
14-11-2022 12:16:19 - INFO - STEP: 19h | mae: 50.772361256524675 | mse: 10325.016203810146 | R2: 1.0
14-11-2022 12:16:19 - INFO - TOTAL => mae: 47.61317766780037 | mse: 9279.250670999672 | R2: 1.0
14-11-2022 16:48:57 - INFO - RESULTADOS PARA n_estimators=2000
14-11-2022 16:48:57 - INFO - STEP: 1h | mae: 37.80874715344031 | mse: 6046.817704729142 | R2: 1.0
14-11-2022 16:48:57 - INFO - STEP: 7h | mae: 51.8803953237645 | mse: 10670.721169309218 | R2: 1.0
14-11-2022 16:48:57 - INFO - STEP: 13h | mae: 51.700326869420145 | mse: 10680.149802187783 | R2: 1.0
14-11-2022 16:48:57 - INFO - STEP: 19h | mae: 51.595616918543875 | mse: 10560.092537413118 | R2: 1.0
14-11-2022 16:48:57 - INFO - TOTAL => mae: 48.24627156629221 | mse: 9489.445303409815 | R2: 1.0
14-11-2022 21:12:07 - INFO - RESULTADOS PARA n_estimators=200
14-11-2022 21:12:08 - INFO - STEP: 1h | mae: 37.62390504986594 | mse: 6023.66219569461 | R2: 1.0
14-11-2022 21:12:08 - INFO - STEP: 7h | mae: 52.38534820524573 | mse: 10820.889381732119 | R2: 1.0
14-11-2022 21:12:08 - INFO - STEP: 8h | mae: 49.9749619040079 | mse: 10273.536002986984 | R2: 1.0
14-11-2022 21:12:08 - INFO - STEP: 13h | mae: 51.700326869420145 | mse: 10680.149802187783 | R2: 1.0
14-11-2022 21:12:08 - INFO - STEP: 15h | mae: 50.183961978872965 | mse: 10210.2465071962 | R2: 1.0
14-11-2022 21:12:08 - INFO - STEP: 19h | mae: 51.595616918543875 | mse: 10560.092537413118 | R2: 1.0
14-11-2022 21:12:08 - INFO - STEP: 22h | mae: 49.8712425434738 | mse: 10157.188251525538 | R2: 1.0
14-11-2022 21:12:08 - INFO - TOTAL => mae: 49.047909067061475 | mse: 9817.966382676621 | R2: 1.0
14-11-2022 22:01:46 - INFO - RESULTADOS PARA n_estimators=300
14-11-2022 22:01:46 - INFO - STEP: 1h | mae: 37.65521921614412 | mse: 6018.142128617224 | R2: 1.0
14-11-2022 22:01:46 - INFO - STEP: 7h | mae: 52.38534820524573 | mse: 10820.889381732119 | R2: 1.0
14-11-2022 22:01:46 - INFO - STEP: 8h | mae: 49.834668969868176 | mse: 10194.596489822512 | R2: 1.0
14-11-2022 22:01:46 - INFO - STEP: 13h | mae: 51.700326869420145 | mse: 10680.149802187783 | R2: 1.0
14-11-2022 22:01:46 - INFO - STEP: 15h | mae: 50.07207936741377 | mse: 10140.215087940796 | R2: 1.0
14-11-2022 22:01:46 - INFO - STEP: 19h | mae: 51.595616918543875 | mse: 10560.092537413118 | R2: 1.0
14-11-2022 22:01:46 - INFO - STEP: 22h | mae: 49.78739126955185 | mse: 10104.503281606112 | R2: 1.0
14-11-2022 22:01:46 - INFO - TOTAL => mae: 49.00437868802681 | mse: 9788.369815617096 | R2: 1.0
14-11-2022 22:14:50 - INFO - RESULTADOS PARA subsample=0.2
14-11-2022 22:14:50 - INFO - STEP: 1h | mae: 38.78214335842551 | mse: 6309.190627182607 | R2: 1.0
14-11-2022 22:14:50 - INFO - STEP: 7h | mae: 52.38534820524573 | mse: 10820.889381732119 | R2: 1.0
14-11-2022 22:14:50 - INFO - STEP: 8h | mae: 49.834668969868176 | mse: 10194.596489822512 | R2: 1.0
14-11-2022 22:14:50 - INFO - STEP: 13h | mae: 51.700326869420145 | mse: 10680.149802187783 | R2: 1.0
14-11-2022 22:14:50 - INFO - STEP: 15h | mae: 50.07207936741377 | mse: 10140.215087940796 | R2: 1.0
14-11-2022 22:14:50 - INFO - STEP: 19h | mae: 51.595616918543875 | mse: 10560.092537413118 | R2: 1.0
14-11-2022 22:14:50 - INFO - STEP: 22h | mae: 49.78739126955185 | mse: 10104.503281606112 | R2: 1.0
14-11-2022 22:14:50 - INFO - STEP: 24h | mae: 51.366735870120294 | mse: 10725.776087184777 | R2: 1.0
14-11-2022 22:14:50 - INFO - TOTAL => mae: 49.44053885357367 | mse: 9941.926661883728 | R2: 1.0
14-11-2022 23:26:24 - INFO - RESULTADOS PARA max_depth=2
14-11-2022 23:26:24 - INFO - STEP: 1h | mae: 38.75516560044927 | mse: 6102.562247230274 | R2: 1.0
14-11-2022 23:26:24 - INFO - STEP: 7h | mae: 52.38534820524573 | mse: 10820.889381732119 | R2: 1.0
14-11-2022 23:26:24 - INFO - STEP: 8h | mae: 49.834668969868176 | mse: 10194.596489822512 | R2: 1.0
14-11-2022 23:26:24 - INFO - STEP: 13h | mae: 51.700326869420145 | mse: 10680.149802187783 | R2: 1.0
14-11-2022 23:26:24 - INFO - STEP: 15h | mae: 50.07207936741377 | mse: 10140.215087940796 | R2: 1.0
14-11-2022 23:26:24 - INFO - STEP: 19h | mae: 51.595616918543875 | mse: 10560.092537413118 | R2: 1.0
14-11-2022 23:26:24 - INFO - STEP: 22h | mae: 49.78739126955185 | mse: 10104.503281606112 | R2: 1.0
14-11-2022 23:26:24 - INFO - STEP: 24h | mae: 51.46103870133217 | mse: 10318.62614018414 | R2: 1.0
14-11-2022 23:26:24 - INFO - TOTAL => mae: 49.448954487728116 | mse: 9865.204371014606 | R2: 1.0
14-11-2022 23:42:07 - INFO - RESULTADOS PARA min_samples_leaf=2
14-11-2022 23:42:07 - INFO - STEP: 1h | mae: 37.80874715344031 | mse: 6046.817704729142 | R2: 1.0
14-11-2022 23:42:07 - INFO - STEP: 7h | mae: 52.38534820524573 | mse: 10820.889381732119 | R2: 1.0
14-11-2022 23:42:07 - INFO - STEP: 8h | mae: 49.834668969868176 | mse: 10194.596489822512 | R2: 1.0
14-11-2022 23:42:07 - INFO - STEP: 13h | mae: 51.700326869420145 | mse: 10680.149802187783 | R2: 1.0
14-11-2022 23:42:07 - INFO - STEP: 15h | mae: 50.07207936741377 | mse: 10140.215087940796 | R2: 1.0
14-11-2022 23:42:07 - INFO - STEP: 19h | mae: 51.595616918543875 | mse: 10560.092537413118 | R2: 1.0
14-11-2022 23:42:07 - INFO - STEP: 22h | mae: 49.78739126955185 | mse: 10104.503281606112 | R2: 1.0
14-11-2022 23:42:07 - INFO - STEP: 24h | mae: 50.04717768468258 | mse: 10257.590424248627 | R2: 1.0
14-11-2022 23:42:07 - INFO - TOTAL => mae: 49.15391955477081 | mse: 9850.606838710028 | R2: 1.0
14-11-2022 23:45:22 - INFO - RESULTADOS PARA min_samples_split=2
14-11-2022 23:45:23 - INFO - STEP: 1h | mae: 37.80874715344031 | mse: 6046.817704729142 | R2: 1.0
14-11-2022 23:45:23 - INFO - STEP: 7h | mae: 52.38534820524573 | mse: 10820.889381732119 | R2: 1.0
14-11-2022 23:45:23 - INFO - STEP: 8h | mae: 49.834668969868176 | mse: 10194.596489822512 | R2: 1.0
14-11-2022 23:45:23 - INFO - STEP: 13h | mae: 51.700326869420145 | mse: 10680.149802187783 | R2: 1.0
14-11-2022 23:45:23 - INFO - STEP: 15h | mae: 50.07207936741377 | mse: 10140.215087940796 | R2: 1.0
14-11-2022 23:45:23 - INFO - STEP: 19h | mae: 51.595616918543875 | mse: 10560.092537413118 | R2: 1.0
14-11-2022 23:45:23 - INFO - STEP: 22h | mae: 49.78739126955185 | mse: 10104.503281606112 | R2: 1.0
14-11-2022 23:45:23 - INFO - STEP: 24h | mae: 50.54609920942322 | mse: 10430.955083643174 | R2: 1.0
14-11-2022 23:45:23 - INFO - TOTAL => mae: 49.21628474536339 | mse: 9872.277421134346 | R2: 1.0
14-11-2022 23:46:24 - INFO - RESULTADOS PARA max_features=sqrt
14-11-2022 23:46:24 - INFO - STEP: 1h | mae: 37.80874715344031 | mse: 6046.817704729142 | R2: 1.0
14-11-2022 23:46:24 - INFO - STEP: 7h | mae: 52.38534820524573 | mse: 10820.889381732119 | R2: 1.0
14-11-2022 23:46:24 - INFO - STEP: 8h | mae: 49.834668969868176 | mse: 10194.596489822512 | R2: 1.0
14-11-2022 23:46:24 - INFO - STEP: 13h | mae: 51.700326869420145 | mse: 10680.149802187783 | R2: 1.0
14-11-2022 23:46:24 - INFO - STEP: 15h | mae: 50.07207936741377 | mse: 10140.215087940796 | R2: 1.0
14-11-2022 23:46:24 - INFO - STEP: 19h | mae: 51.595616918543875 | mse: 10560.092537413118 | R2: 1.0
14-11-2022 23:46:24 - INFO - STEP: 22h | mae: 49.78739126955185 | mse: 10104.503281606112 | R2: 1.0
14-11-2022 23:46:24 - INFO - STEP: 24h | mae: 50.54609920942322 | mse: 10430.955083643174 | R2: 1.0
14-11-2022 23:46:24 - INFO - TOTAL => mae: 49.21628474536339 | mse: 9872.277421134346 | R2: 1.0
15-11-2022 00:47:52 - INFO - RESULTADOS PARA max_depth=3
15-11-2022 00:47:52 - INFO - STEP: 1h | mae: 37.80874715344031 | mse: 6046.817704729142 | R2: 1.0
15-11-2022 00:47:52 - INFO - STEP: 7h | mae: 52.38534820524573 | mse: 10820.889381732119 | R2: 1.0
15-11-2022 00:47:52 - INFO - STEP: 8h | mae: 49.834668969868176 | mse: 10194.596489822512 | R2: 1.0
15-11-2022 00:47:52 - INFO - STEP: 13h | mae: 51.700326869420145 | mse: 10680.149802187783 | R2: 1.0
15-11-2022 00:47:52 - INFO - STEP: 15h | mae: 50.07207936741377 | mse: 10140.215087940796 | R2: 1.0
15-11-2022 00:47:52 - INFO - STEP: 19h | mae: 51.595616918543875 | mse: 10560.092537413118 | R2: 1.0
15-11-2022 00:47:52 - INFO - STEP: 22h | mae: 49.78739126955185 | mse: 10104.503281606112 | R2: 1.0
15-11-2022 00:47:52 - INFO - STEP: 24h | mae: 50.54609920942322 | mse: 10430.955083643174 | R2: 1.0
15-11-2022 00:47:52 - INFO - TOTAL => mae: 49.21628474536339 | mse: 9872.277421134346 | R2: 1.0
15-11-2022 01:00:41 - INFO - RESULTADOS PARA min_samples_leaf=3
15-11-2022 01:00:42 - INFO - STEP: 1h | mae: 36.61850695931983 | mse: 5925.411222166772 | R2: 1.0
15-11-2022 01:00:42 - INFO - STEP: 7h | mae: 52.38534820524573 | mse: 10820.889381732119 | R2: 1.0
15-11-2022 01:00:42 - INFO - STEP: 8h | mae: 49.834668969868176 | mse: 10194.596489822512 | R2: 1.0
15-11-2022 01:00:42 - INFO - STEP: 13h | mae: 51.700326869420145 | mse: 10680.149802187783 | R2: 1.0
15-11-2022 01:00:42 - INFO - STEP: 15h | mae: 50.07207936741377 | mse: 10140.215087940796 | R2: 1.0
15-11-2022 01:00:42 - INFO - STEP: 19h | mae: 51.595616918543875 | mse: 10560.092537413118 | R2: 1.0
15-11-2022 01:00:42 - INFO - STEP: 22h | mae: 49.78739126955185 | mse: 10104.503281606112 | R2: 1.0
15-11-2022 01:00:42 - INFO - STEP: 24h | mae: 50.14673841140667 | mse: 10286.530147129388 | R2: 1.0
15-11-2022 01:00:42 - INFO - TOTAL => mae: 49.01758462134625 | mse: 9839.048493749826 | R2: 1.0
15-11-2022 01:06:52 - INFO - RESULTADOS PARA max_features=log2
15-11-2022 01:06:52 - INFO - STEP: 1h | mae: 36.61850695931983 | mse: 5925.411222166772 | R2: 1.0
15-11-2022 01:06:52 - INFO - STEP: 7h | mae: 52.38534820524573 | mse: 10820.889381732119 | R2: 1.0
15-11-2022 01:06:52 - INFO - STEP: 8h | mae: 49.834668969868176 | mse: 10194.596489822512 | R2: 1.0
15-11-2022 01:06:52 - INFO - STEP: 13h | mae: 51.700326869420145 | mse: 10680.149802187783 | R2: 1.0
15-11-2022 01:06:52 - INFO - STEP: 15h | mae: 50.07207936741377 | mse: 10140.215087940796 | R2: 1.0
15-11-2022 01:06:52 - INFO - STEP: 19h | mae: 51.595616918543875 | mse: 10560.092537413118 | R2: 1.0
15-11-2022 01:06:52 - INFO - STEP: 22h | mae: 49.78739126955185 | mse: 10104.503281606112 | R2: 1.0
15-11-2022 01:06:52 - INFO - STEP: 24h | mae: 50.54609920942322 | mse: 10430.955083643174 | R2: 1.0
15-11-2022 01:06:52 - INFO - TOTAL => mae: 49.067504721098324 | mse: 9857.101610814048 | R2: 1.0
15-11-2022 01:07:29 - INFO - RESULTADOS PARA min_samples_split=3
15-11-2022 01:07:29 - INFO - STEP: 1h | mae: 36.61850695931983 | mse: 5925.411222166772 | R2: 1.0
15-11-2022 01:07:29 - INFO - STEP: 7h | mae: 52.38534820524573 | mse: 10820.889381732119 | R2: 1.0
15-11-2022 01:07:29 - INFO - STEP: 8h | mae: 49.834668969868176 | mse: 10194.596489822512 | R2: 1.0
15-11-2022 01:07:29 - INFO - STEP: 13h | mae: 51.700326869420145 | mse: 10680.149802187783 | R2: 1.0
15-11-2022 01:07:29 - INFO - STEP: 15h | mae: 50.07207936741377 | mse: 10140.215087940796 | R2: 1.0
15-11-2022 01:07:29 - INFO - STEP: 19h | mae: 51.595616918543875 | mse: 10560.092537413118 | R2: 1.0
15-11-2022 01:07:29 - INFO - STEP: 22h | mae: 49.78739126955185 | mse: 10104.503281606112 | R2: 1.0
15-11-2022 01:07:29 - INFO - STEP: 24h | mae: 50.18305892309578 | mse: 10285.625690449126 | R2: 1.0
15-11-2022 01:07:29 - INFO - TOTAL => mae: 49.02212468530739 | mse: 9838.935436664793 | R2: 1.0
15-11-2022 02:20:22 - INFO - RESULTADOS PARA min_samples_leaf=5
15-11-2022 02:20:23 - INFO - STEP: 1h | mae: 37.80874715344031 | mse: 6046.817704729142 | R2: 1.0
15-11-2022 02:20:23 - INFO - STEP: 7h | mae: 52.38534820524573 | mse: 10820.889381732119 | R2: 1.0
15-11-2022 02:20:23 - INFO - STEP: 8h | mae: 49.834668969868176 | mse: 10194.596489822512 | R2: 1.0
15-11-2022 02:20:23 - INFO - STEP: 13h | mae: 51.700326869420145 | mse: 10680.149802187783 | R2: 1.0
15-11-2022 02:20:23 - INFO - STEP: 15h | mae: 50.07207936741377 | mse: 10140.215087940796 | R2: 1.0
15-11-2022 02:20:23 - INFO - STEP: 19h | mae: 51.595616918543875 | mse: 10560.092537413118 | R2: 1.0
15-11-2022 02:20:23 - INFO - STEP: 22h | mae: 49.78739126955185 | mse: 10104.503281606112 | R2: 1.0
15-11-2022 02:20:23 - INFO - STEP: 24h | mae: 50.193726273603936 | mse: 10245.996081615964 | R2: 1.0
15-11-2022 02:20:23 - INFO - TOTAL => mae: 49.17223812838598 | mse: 9849.157545880944 | R2: 1.0
15-11-2022 02:24:59 - INFO - RESULTADOS PARA min_samples_split=5
15-11-2022 02:24:59 - INFO - STEP: 1h | mae: 37.80874715344031 | mse: 6046.817704729142 | R2: 1.0
15-11-2022 02:24:59 - INFO - STEP: 7h | mae: 52.38534820524573 | mse: 10820.889381732119 | R2: 1.0
15-11-2022 02:24:59 - INFO - STEP: 8h | mae: 49.834668969868176 | mse: 10194.596489822512 | R2: 1.0
15-11-2022 02:24:59 - INFO - STEP: 13h | mae: 51.700326869420145 | mse: 10680.149802187783 | R2: 1.0
15-11-2022 02:24:59 - INFO - STEP: 15h | mae: 50.07207936741377 | mse: 10140.215087940796 | R2: 1.0
15-11-2022 02:24:59 - INFO - STEP: 19h | mae: 51.595616918543875 | mse: 10560.092537413118 | R2: 1.0
15-11-2022 02:24:59 - INFO - STEP: 22h | mae: 49.78739126955185 | mse: 10104.503281606112 | R2: 1.0
15-11-2022 02:24:59 - INFO - STEP: 24h | mae: 50.404386553322986 | mse: 10326.667983006038 | R2: 1.0
15-11-2022 02:24:59 - INFO - TOTAL => mae: 49.19857066335086 | mse: 9859.241533554705 | R2: 1.0
15-11-2022 02:28:32 - INFO - RESULTADOS PARA max_features=None
15-11-2022 02:28:32 - INFO - STEP: 1h | mae: 37.80874715344031 | mse: 6046.817704729142 | R2: 1.0
15-11-2022 02:28:32 - INFO - STEP: 7h | mae: 52.38534820524573 | mse: 10820.889381732119 | R2: 1.0
15-11-2022 02:28:32 - INFO - STEP: 8h | mae: 49.834668969868176 | mse: 10194.596489822512 | R2: 1.0
15-11-2022 02:28:32 - INFO - STEP: 13h | mae: 51.700326869420145 | mse: 10680.149802187783 | R2: 1.0
15-11-2022 02:28:32 - INFO - STEP: 15h | mae: 50.07207936741377 | mse: 10140.215087940796 | R2: 1.0
15-11-2022 02:28:32 - INFO - STEP: 19h | mae: 51.595616918543875 | mse: 10560.092537413118 | R2: 1.0
15-11-2022 02:28:32 - INFO - STEP: 22h | mae: 49.78739126955185 | mse: 10104.503281606112 | R2: 1.0
15-11-2022 02:28:32 - INFO - STEP: 24h | mae: 50.54609920942322 | mse: 10430.955083643174 | R2: 1.0
15-11-2022 02:28:32 - INFO - TOTAL => mae: 49.21628474536339 | mse: 9872.277421134346 | R2: 1.0
15-11-2022 02:44:59 - INFO - RESULTADOS PARA max_depth=5
15-11-2022 02:44:59 - INFO - STEP: 1h | mae: 37.7308271652497 | mse: 6040.780538692681 | R2: 1.0
15-11-2022 02:44:59 - INFO - STEP: 7h | mae: 52.38534820524573 | mse: 10820.889381732119 | R2: 1.0
15-11-2022 02:44:59 - INFO - STEP: 8h | mae: 49.834668969868176 | mse: 10194.596489822512 | R2: 1.0
15-11-2022 02:44:59 - INFO - STEP: 13h | mae: 51.700326869420145 | mse: 10680.149802187783 | R2: 1.0
15-11-2022 02:44:59 - INFO - STEP: 15h | mae: 50.07207936741377 | mse: 10140.215087940796 | R2: 1.0
15-11-2022 02:44:59 - INFO - STEP: 19h | mae: 51.595616918543875 | mse: 10560.092537413118 | R2: 1.0
15-11-2022 02:44:59 - INFO - STEP: 22h | mae: 49.78739126955185 | mse: 10104.503281606112 | R2: 1.0
15-11-2022 02:44:59 - INFO - STEP: 24h | mae: 49.86472933446024 | mse: 10480.741344071921 | R2: 1.0
15-11-2022 02:44:59 - INFO - TOTAL => mae: 49.12137351246919 | mse: 9877.746057933382 | R2: 1.0
15-11-2022 03:33:41 - INFO - RESULTADOS PARA min_samples_leaf=7
15-11-2022 03:33:41 - INFO - STEP: 1h | mae: 36.33026056197015 | mse: 5981.643390483449 | R2: 1.0
15-11-2022 03:33:41 - INFO - STEP: 7h | mae: 52.38534820524573 | mse: 10820.889381732119 | R2: 1.0
15-11-2022 03:33:41 - INFO - STEP: 8h | mae: 49.834668969868176 | mse: 10194.596489822512 | R2: 1.0
15-11-2022 03:33:41 - INFO - STEP: 13h | mae: 51.700326869420145 | mse: 10680.149802187783 | R2: 1.0
15-11-2022 03:33:41 - INFO - STEP: 15h | mae: 50.07207936741377 | mse: 10140.215087940796 | R2: 1.0
15-11-2022 03:33:41 - INFO - STEP: 19h | mae: 51.595616918543875 | mse: 10560.092537413118 | R2: 1.0
15-11-2022 03:33:41 - INFO - STEP: 22h | mae: 49.78739126955185 | mse: 10104.503281606112 | R2: 1.0
15-11-2022 03:33:41 - INFO - STEP: 24h | mae: 50.23404210810451 | mse: 10257.64452110492 | R2: 1.0
15-11-2022 03:33:41 - INFO - TOTAL => mae: 48.992466783764776 | mse: 9842.466811536351 | R2: 1.0
15-11-2022 03:35:45 - INFO - RESULTADOS PARA min_samples_split=7
15-11-2022 03:35:45 - INFO - STEP: 1h | mae: 36.33026056197015 | mse: 5981.643390483449 | R2: 1.0
15-11-2022 03:35:45 - INFO - STEP: 7h | mae: 52.38534820524573 | mse: 10820.889381732119 | R2: 1.0
15-11-2022 03:35:45 - INFO - STEP: 8h | mae: 49.834668969868176 | mse: 10194.596489822512 | R2: 1.0
15-11-2022 03:35:45 - INFO - STEP: 13h | mae: 51.700326869420145 | mse: 10680.149802187783 | R2: 1.0
15-11-2022 03:35:45 - INFO - STEP: 15h | mae: 50.07207936741377 | mse: 10140.215087940796 | R2: 1.0
15-11-2022 03:35:45 - INFO - STEP: 19h | mae: 51.595616918543875 | mse: 10560.092537413118 | R2: 1.0
15-11-2022 03:35:45 - INFO - STEP: 22h | mae: 49.78739126955185 | mse: 10104.503281606112 | R2: 1.0
15-11-2022 03:35:45 - INFO - STEP: 24h | mae: 50.24222173265373 | mse: 10335.348529003648 | R2: 1.0
15-11-2022 03:35:45 - INFO - TOTAL => mae: 48.993489236833426 | mse: 9852.179812523693 | R2: 1.0
15-11-2022 05:20:09 - INFO - RESULTADOS PARA max_depth=8
15-11-2022 05:20:09 - INFO - STEP: 1h | mae: 36.33026056197015 | mse: 5981.643390483449 | R2: 1.0
15-11-2022 05:20:09 - INFO - STEP: 7h | mae: 52.38534820524573 | mse: 10820.889381732119 | R2: 1.0
15-11-2022 05:20:09 - INFO - STEP: 8h | mae: 49.834668969868176 | mse: 10194.596489822512 | R2: 1.0
15-11-2022 05:20:09 - INFO - STEP: 13h | mae: 51.700326869420145 | mse: 10680.149802187783 | R2: 1.0
15-11-2022 05:20:09 - INFO - STEP: 15h | mae: 50.07207936741377 | mse: 10140.215087940796 | R2: 1.0
15-11-2022 05:20:09 - INFO - STEP: 19h | mae: 51.595616918543875 | mse: 10560.092537413118 | R2: 1.0
15-11-2022 05:20:09 - INFO - STEP: 22h | mae: 49.78739126955185 | mse: 10104.503281606112 | R2: 1.0
15-11-2022 05:20:09 - INFO - STEP: 24h | mae: 48.99867517261451 | mse: 10462.727990180267 | R2: 1.0
15-11-2022 05:20:09 - INFO - TOTAL => mae: 48.83804591682853 | mse: 9868.10224517077 | R2: 1.0
15-11-2022 09:00:35 - INFO - RESULTADOS PARA max_depth=12
15-11-2022 09:00:35 - INFO - STEP: 1h | mae: 36.89137228254622 | mse: 6255.712479967501 | R2: 1.0
15-11-2022 09:00:35 - INFO - STEP: 7h | mae: 52.38534820524573 | mse: 10820.889381732119 | R2: 1.0
15-11-2022 09:00:35 - INFO - STEP: 8h | mae: 49.834668969868176 | mse: 10194.596489822512 | R2: 1.0
15-11-2022 09:00:35 - INFO - STEP: 13h | mae: 51.700326869420145 | mse: 10680.149802187783 | R2: 1.0
15-11-2022 09:00:35 - INFO - STEP: 15h | mae: 50.07207936741377 | mse: 10140.215087940796 | R2: 1.0
15-11-2022 09:00:35 - INFO - STEP: 19h | mae: 51.595616918543875 | mse: 10560.092537413118 | R2: 1.0
15-11-2022 09:00:35 - INFO - STEP: 22h | mae: 49.78739126955185 | mse: 10104.503281606112 | R2: 1.0
15-11-2022 09:00:35 - INFO - STEP: 24h | mae: 48.046342025412436 | mse: 10505.116039789144 | R2: 1.0
15-11-2022 09:00:35 - INFO - TOTAL => mae: 48.78914323850028 | mse: 9907.659387557385 | R2: 1.0
