21-09-2022 09:13:15 - INFO - STEP: 1h | mae: 45.610852341784735 | mse: 8359.150964526427
21-09-2022 09:13:15 - INFO - STEP: 2h | mae: 55.43559049493423 | mse: 12380.26878069874
21-09-2022 09:13:15 - INFO - STEP: 3h | mae: 59.405490732256915 | mse: 14482.552085366295
21-09-2022 09:13:15 - INFO - STEP: 4h | mae: 61.29414292248868 | mse: 15631.252337904109
21-09-2022 09:13:15 - INFO - STEP: 5h | mae: 62.095683539749835 | mse: 16166.567857517286
21-09-2022 09:13:15 - INFO - STEP: 6h | mae: 62.410910149626424 | mse: 16343.016595818619
21-09-2022 09:13:15 - INFO - STEP: 7h | mae: 62.49526734084537 | mse: 16372.361945873014
21-09-2022 09:13:15 - INFO - STEP: 8h | mae: 62.37858904147512 | mse: 16337.66435288749
21-09-2022 09:13:15 - INFO - STEP: 9h | mae: 62.25776187594827 | mse: 16323.287484365821
21-09-2022 09:13:15 - INFO - STEP: 10h | mae: 62.30975848970856 | mse: 16350.090503004323
21-09-2022 09:13:15 - INFO - STEP: 11h | mae: 62.354462101588844 | mse: 16371.12219592262
21-09-2022 09:13:15 - INFO - STEP: 12h | mae: 62.36275128116253 | mse: 16377.033943241364
21-09-2022 09:13:15 - INFO - STEP: 13h | mae: 62.37202333119715 | mse: 16373.431270054023
21-09-2022 09:13:15 - INFO - STEP: 14h | mae: 62.35601034618091 | mse: 16352.95325343734
21-09-2022 09:13:15 - INFO - STEP: 15h | mae: 62.30665537548298 | mse: 16319.535293988343
21-09-2022 09:13:15 - INFO - STEP: 16h | mae: 62.331128584965754 | mse: 16322.912672549568
21-09-2022 09:13:15 - INFO - STEP: 17h | mae: 62.44011929135824 | mse: 16360.394741495547
21-09-2022 09:13:15 - INFO - STEP: 18h | mae: 62.520203307418754 | mse: 16389.398468672935
21-09-2022 09:13:15 - INFO - STEP: 19h | mae: 62.58055351640506 | mse: 16398.40579622974
21-09-2022 09:13:15 - INFO - STEP: 20h | mae: 62.494775800337806 | mse: 16338.699381041579
21-09-2022 09:13:15 - INFO - STEP: 21h | mae: 62.24805519276475 | mse: 16129.986321058223
21-09-2022 09:13:15 - INFO - STEP: 22h | mae: 61.87567861770688 | mse: 15820.070889901212
21-09-2022 09:13:15 - INFO - STEP: 23h | mae: 60.9203225568633 | mse: 15463.360820240972
21-09-2022 09:13:15 - INFO - STEP: 24h | mae: 60.34155830837473 | mse: 15375.90951912853
21-09-2022 09:13:15 - INFO - TOTAL => mae: 61.04993102252607 | mse: 15630.809478121839
13-11-2022 11:48:34 - INFO - RESULTADOS PARA kernel=poly
13-11-2022 11:48:38 - INFO - STEP: 1h | mae: 81.69205158061463 | mse: 25573.05482343651 | R2: 0.7090620186477021
13-11-2022 11:48:38 - INFO - STEP: 7h | mae: 96.89572003767266 | mse: 37610.240888716835 | R2: 0.5721308225090622
13-11-2022 11:48:38 - INFO - STEP: 13h | mae: 97.06239471405104 | mse: 37661.35139256654 | R2: 0.571562090282961
13-11-2022 11:48:38 - INFO - STEP: 19h | mae: 96.61726487698013 | mse: 37545.73249278505 | R2: 0.5728900582351657
13-11-2022 11:48:38 - INFO - TOTAL => mae: 93.06685780232962 | mse: 34597.594899376236 | R2: 0.6064112474187228
13-11-2022 13:39:51 - INFO - RESULTADOS PARA kernel=rbf
13-11-2022 13:39:52 - INFO - STEP: 1h | mae: 44.730714347984524 | mse: 8130.988574204841 | R2: 0.9074958616203419
13-11-2022 13:39:52 - INFO - STEP: 7h | mae: 61.68222993333358 | mse: 16234.279913369699 | R2: 0.8153123237300242
13-11-2022 13:39:52 - INFO - STEP: 13h | mae: 61.62909711867441 | mse: 16253.6356273687 | R2: 0.8150976155660016
13-11-2022 13:39:52 - INFO - STEP: 19h | mae: 61.748950210276725 | mse: 16270.014955645072 | R2: 0.8149167780505038
13-11-2022 13:39:52 - INFO - TOTAL => mae: 57.44774790256731 | mse: 14222.229767647077 | R2: 0.8382056447417179
13-11-2022 18:32:55 - INFO - RESULTADOS PARA kernel=sigmoid
13-11-2022 18:32:56 - INFO - STEP: 1h | mae: 498.7321450809151 | mse: 412476.5053290129 | R2: -3.6926377253019567
13-11-2022 18:32:56 - INFO - STEP: 7h | mae: 496.5432659581945 | mse: 401211.7062974455 | R2: -3.5643452080288043
13-11-2022 18:32:56 - INFO - STEP: 13h | mae: 489.1922001511854 | mse: 382734.10894470086 | R2: -3.354007372291119
13-11-2022 18:32:56 - INFO - STEP: 19h | mae: 490.8950483419742 | mse: 388350.83393742907 | R2: -3.417772435235194
13-11-2022 18:32:56 - INFO - TOTAL => mae: 493.8406648830673 | mse: 396193.2886271471 | R2: -3.507190685214268
13-11-2022 21:54:20 - INFO - RESULTADOS PARA c=0.1
13-11-2022 21:54:20 - INFO - STEP: 1h | mae: 65.81408727414751 | mse: 13520.498772506944 | R2: 0.8461808083974228
13-11-2022 21:54:20 - INFO - STEP: 7h | mae: 78.26117092847757 | mse: 18806.19591390742 | R2: 0.7860531762818089
13-11-2022 21:54:20 - INFO - STEP: 13h | mae: 78.23196162865344 | mse: 18833.85755103863 | R2: 0.7857448481610216
13-11-2022 21:54:20 - INFO - STEP: 19h | mae: 78.86093340711844 | mse: 19057.552352958162 | R2: 0.7832065181517928
13-11-2022 21:54:20 - INFO - TOTAL => mae: 75.29203830959923 | mse: 17554.526147602788 | R2: 0.8002963377480116
13-11-2022 23:48:14 - INFO - RESULTADOS PARA c=0.5
13-11-2022 23:48:14 - INFO - STEP: 1h | mae: 48.21337962188507 | mse: 8971.450434214445 | R2: 0.8979341460316865
13-11-2022 23:48:14 - INFO - STEP: 7h | mae: 63.387216334131345 | mse: 16117.008278878526 | R2: 0.8166464528556849
13-11-2022 23:48:14 - INFO - STEP: 13h | mae: 63.27785369337619 | mse: 16092.953185763403 | R2: 0.8169255491600996
13-11-2022 23:48:14 - INFO - STEP: 19h | mae: 63.45540923135076 | mse: 16132.116088139155 | R2: 0.8164854776964943
13-11-2022 23:48:14 - INFO - TOTAL => mae: 59.58346472018584 | mse: 14328.381996748882 | R2: 0.8369979064359914
14-11-2022 01:37:56 - INFO - RESULTADOS PARA c=1
14-11-2022 01:37:57 - INFO - STEP: 1h | mae: 44.730714347984524 | mse: 8130.988574204841 | R2: 0.9074958616203419
14-11-2022 01:37:57 - INFO - STEP: 7h | mae: 61.68222993333358 | mse: 16234.279913369699 | R2: 0.8153123237300242
14-11-2022 01:37:57 - INFO - STEP: 13h | mae: 61.62909711867441 | mse: 16253.6356273687 | R2: 0.8150976155660016
14-11-2022 01:37:57 - INFO - STEP: 19h | mae: 61.748950210276725 | mse: 16270.014955645072 | R2: 0.8149167780505038
14-11-2022 01:37:57 - INFO - TOTAL => mae: 57.44774790256731 | mse: 14222.229767647077 | R2: 0.8382056447417179
14-11-2022 03:26:32 - INFO - RESULTADOS PARA c=2
14-11-2022 03:26:33 - INFO - STEP: 1h | mae: 41.950852642685796 | mse: 7466.824535049294 | R2: 0.915051882837706
14-11-2022 03:26:33 - INFO - STEP: 7h | mae: 60.15184839264414 | mse: 16111.405405091065 | R2: 0.8167101933939633
14-11-2022 03:26:33 - INFO - STEP: 13h | mae: 60.208465242634745 | mse: 16164.356272285191 | R2: 0.8161132631425889
14-11-2022 03:26:33 - INFO - STEP: 19h | mae: 60.23770372931185 | mse: 16154.702806334333 | R2: 0.8162285373932293
14-11-2022 03:26:33 - INFO - TOTAL => mae: 55.63721750181913 | mse: 13974.32225468997 | R2: 0.8410259691918718
14-11-2022 05:08:25 - INFO - RESULTADOS PARA c=5
14-11-2022 05:08:25 - INFO - STEP: 1h | mae: 39.693525485590875 | mse: 6956.046440398341 | R2: 0.9208628721310357
14-11-2022 05:08:25 - INFO - STEP: 7h | mae: 58.47565334194899 | mse: 15671.02538436308 | R2: 0.8217201330486932
14-11-2022 05:08:25 - INFO - STEP: 13h | mae: 58.63625067508575 | mse: 15753.540520310902 | R2: 0.8207867290578199
14-11-2022 05:08:25 - INFO - STEP: 19h | mae: 58.56548334194469 | mse: 15727.26746903901 | R2: 0.8210909244050028
14-11-2022 05:08:25 - INFO - TOTAL => mae: 53.84272821114257 | mse: 13526.969953527834 | R2: 0.8461151646606379
14-11-2022 06:48:08 - INFO - RESULTADOS PARA c=10
14-11-2022 06:48:08 - INFO - STEP: 1h | mae: 38.69441953387613 | mse: 6754.77066588753 | R2: 0.9231527341727668
14-11-2022 06:48:08 - INFO - STEP: 7h | mae: 57.46026632872273 | mse: 15280.159281836413 | R2: 0.8261667825208944
14-11-2022 06:48:08 - INFO - STEP: 13h | mae: 57.651246763478476 | mse: 15388.18128692816 | R2: 0.8249430787494356
14-11-2022 06:48:08 - INFO - STEP: 19h | mae: 57.57583660504387 | mse: 15355.993964437077 | R2: 0.8253144298316136
14-11-2022 06:48:08 - INFO - TOTAL => mae: 52.845442307780296 | mse: 13194.776299772295 | R2: 0.8498942563186775
14-11-2022 10:18:11 - INFO - RESULTADOS PARA c=20
14-11-2022 10:18:12 - INFO - STEP: 1h | mae: 38.064446100464416 | mse: 6641.31138878603 | R2: 0.9244435308051405
14-11-2022 10:18:12 - INFO - STEP: 7h | mae: 56.69823554930886 | mse: 14963.225852214924 | R2: 0.8297723442680995
14-11-2022 10:18:12 - INFO - STEP: 13h | mae: 56.895845875219784 | mse: 15063.074008945434 | R2: 0.828641519656689
14-11-2022 10:18:12 - INFO - STEP: 19h | mae: 56.8191424491244 | mse: 15012.73452093863 | R2: 0.8292192549925297
14-11-2022 10:18:12 - INFO - TOTAL => mae: 52.11941749352936 | mse: 12920.086442721255 | R2: 0.8530191624306147
14-11-2022 12:19:47 - INFO - RESULTADOS PARA c=50
14-11-2022 12:19:47 - INFO - STEP: 1h | mae: 37.498383031712684 | mse: 6557.671980641728 | R2: 0.9253950745583218
14-11-2022 12:19:47 - INFO - STEP: 7h | mae: 55.93845353908974 | mse: 14678.450112680277 | R2: 0.8330120672415469
14-11-2022 12:19:47 - INFO - STEP: 13h | mae: 56.17423575690758 | mse: 14784.58717468913 | R2: 0.8318096034545539
14-11-2022 12:19:47 - INFO - STEP: 19h | mae: 56.12937565317343 | mse: 14745.746399196858 | R2: 0.8322564385433086
14-11-2022 12:19:47 - INFO - TOTAL => mae: 51.435111995220865 | mse: 12691.613916801998 | R2: 0.8556182959494327
14-11-2022 15:00:58 - INFO - RESULTADOS PARA c=100
14-11-2022 15:00:59 - INFO - STEP: 1h | mae: 37.20674493915419 | mse: 6515.007139296917 | R2: 0.9258804613414526
14-11-2022 15:00:59 - INFO - STEP: 7h | mae: 55.54717008312459 | mse: 14600.318302632415 | R2: 0.8339009260340223
14-11-2022 15:00:59 - INFO - STEP: 13h | mae: 55.796435042045715 | mse: 14710.64789109138 | R2: 0.8326507414100244
14-11-2022 15:00:59 - INFO - STEP: 19h | mae: 55.776586966130495 | mse: 14652.970393663165 | R2: 0.8333118329034608
14-11-2022 15:00:59 - INFO - TOTAL => mae: 51.081734257613746 | mse: 12619.735931670968 | R2: 0.8564359904222401
15-11-2022 13:36:48 - INFO - STEP: 1h | mae: 37.20674493915419 | mse: 6515.007139296917 | R2: 0.9258804613414526
15-11-2022 13:36:48 - INFO - STEP: 2h | mae: 46.68959144107695 | mse: 9992.802690344628 | R2: 0.8863144875395846
15-11-2022 13:36:48 - INFO - STEP: 3h | mae: 51.03497183366117 | mse: 11974.317293258056 | R2: 0.8637713122102376
15-11-2022 13:36:48 - INFO - STEP: 4h | mae: 53.487345480159135 | mse: 13311.265124991192 | R2: 0.8485612050868094
15-11-2022 13:36:48 - INFO - STEP: 5h | mae: 54.6988519805004 | mse: 14038.012245993268 | R2: 0.8402979451508168
15-11-2022 13:36:48 - INFO - STEP: 6h | mae: 55.20026517433872 | mse: 14416.133094623343 | R2: 0.8359962907962427
15-11-2022 13:36:48 - INFO - STEP: 7h | mae: 55.54717008312459 | mse: 14600.318302632415 | R2: 0.8339009260340223
15-11-2022 13:36:48 - INFO - STEP: 8h | mae: 55.70654637690429 | mse: 14664.528942203036 | R2: 0.8331704400575953
15-11-2022 13:36:48 - INFO - STEP: 9h | mae: 55.748007953151884 | mse: 14682.40193828436 | R2: 0.8329671096892725
15-11-2022 13:36:48 - INFO - STEP: 10h | mae: 55.780003006143474 | mse: 14699.3370963335 | R2: 0.8327794137248542
15-11-2022 13:36:48 - INFO - STEP: 11h | mae: 55.79573995010008 | mse: 14710.433015625591 | R2: 0.8326531858468809
15-11-2022 13:36:48 - INFO - STEP: 12h | mae: 55.79869911584613 | mse: 14712.098342759524 | R2: 0.83263424098033
15-11-2022 13:36:48 - INFO - STEP: 13h | mae: 55.796435042045715 | mse: 14710.64789109138 | R2: 0.8326507414100244
15-11-2022 13:36:48 - INFO - STEP: 14h | mae: 55.78993447349111 | mse: 14701.498685208297 | R2: 0.8327548233534272
15-11-2022 13:36:48 - INFO - STEP: 15h | mae: 55.77004281761854 | mse: 14678.934077651304 | R2: 0.8330164771647413
15-11-2022 13:36:48 - INFO - STEP: 16h | mae: 55.76019102412451 | mse: 14667.688675656129 | R2: 0.833144401769547
15-11-2022 13:36:48 - INFO - STEP: 17h | mae: 55.784618256375744 | mse: 14672.705415550427 | R2: 0.8330873327142418
15-11-2022 13:36:48 - INFO - STEP: 18h | mae: 55.77656701344957 | mse: 14670.511759077706 | R2: 0.8331122871478381
15-11-2022 13:36:48 - INFO - STEP: 19h | mae: 55.776586966130495 | mse: 14652.970393663165 | R2: 0.8333118329034608
15-11-2022 13:36:48 - INFO - STEP: 20h | mae: 55.74290770325077 | mse: 14623.008539948387 | R2: 0.8336576123931938
15-11-2022 13:36:48 - INFO - STEP: 21h | mae: 55.71474531616556 | mse: 14562.041383983165 | R2: 0.8343511374131065
15-11-2022 13:36:48 - INFO - STEP: 22h | mae: 55.634264325706724 | mse: 14513.53964273071 | R2: 0.834902863511124
15-11-2022 13:36:48 - INFO - STEP: 23h | mae: 55.21378100537225 | mse: 14453.152071315251 | R2: 0.8355897955322318
15-11-2022 13:36:48 - INFO - STEP: 24h | mae: 55.066738437357756 | mse: 14560.003273143082 | R2: 0.834374321713548
15-11-2022 13:36:48 - INFO - TOTAL => mae: 54.188364571468746 | mse: 13907.639876473535 | R2: 0.8417866935618578
